<?xml version="1.0" encoding="UTF-8"?>
<coverage generated="1591460708019" clover="3.2.0">
  <project timestamp="1591460708019" name="All files">
    <metrics statements="14" coveredstatements="13" conditionals="3" coveredconditionals="3" methods="6" coveredmethods="5" elements="23" coveredelements="21" complexity="0" loc="14" ncloc="14" packages="4" files="7" classes="7"/>
    <package name="components.atoms.AltButton">
      <metrics statements="2" coveredstatements="2" conditionals="0" coveredconditionals="0" methods="1" coveredmethods="1"/>
      <file name="AltButton.component.tsx" path="/Users/fullylt/app/mealshare/src/components/atoms/AltButton/AltButton.component.tsx">
        <metrics statements="2" coveredstatements="2" conditionals="0" coveredconditionals="0" methods="1" coveredmethods="1"/>
        <line num="10" count="1" type="stmt"/>
        <line num="11" count="1" type="stmt"/>
      </file>
    </package>
    <package name="components.atoms.AltButton.assets">
      <metrics statements="2" coveredstatements="2" conditionals="0" coveredconditionals="0" methods="0" coveredmethods="0"/>
      <file name="styles.ts" path="/Users/fullylt/app/mealshare/src/components/atoms/AltButton/assets/styles.ts">
        <metrics statements="2" coveredstatements="2" conditionals="0" coveredconditionals="0" methods="0" coveredmethods="0"/>
        <line num="4" count="1" type="stmt"/>
        <line num="14" count="1" type="stmt"/>
      </file>
    </package>
    <package name="redux.config">
      <metrics statements="10" coveredstatements="9" conditionals="3" coveredconditionals="3" methods="5" coveredmethods="4"/>
      <file name="actions.ts" path="/Users/fullylt/app/mealshare/src/redux/config/actions.ts">
        <metrics statements="2" coveredstatements="2" conditionals="0" coveredconditionals="0" methods="2" coveredmethods="2"/>
        <line num="4" count="3" type="stmt"/>
        <line num="11" count="1" type="stmt"/>
      </file>
      <file name="reducer.ts" path="/Users/fullylt/app/mealshare/src/redux/config/reducer.ts">
        <metrics statements="4" coveredstatements="4" conditionals="3" coveredconditionals="3" methods="1" coveredmethods="1"/>
        <line num="3" count="1" type="stmt"/>
        <line num="11" count="3" type="cond" truecount="2" falsecount="0"/>
        <line num="13" count="1" type="stmt"/>
        <line num="18" count="2" type="stmt"/>
      </file>
      <file name="sagas.ts" path="/Users/fullylt/app/mealshare/src/redux/config/sagas.ts">
        <metrics statements="2" coveredstatements="1" conditionals="0" coveredconditionals="0" methods="2" coveredmethods="1"/>
        <line num="7" count="1" type="stmt"/>
        <line num="11" count="0" type="stmt"/>
      </file>
      <file name="types.ts" path="/Users/fullylt/app/mealshare/src/redux/config/types.ts">
        <metrics statements="2" coveredstatements="2" conditionals="0" coveredconditionals="0" methods="0" coveredmethods="0"/>
        <line num="5" count="3" type="stmt"/>
        <line num="6" count="3" type="stmt"/>
      </file>
    </package>
    <package name="utils">
      <metrics statements="0" coveredstatements="0" conditionals="0" coveredconditionals="0" methods="0" coveredmethods="0"/>
      <file name="colors.ts" path="/Users/fullylt/app/mealshare/src/utils/colors.ts">
        <metrics statements="0" coveredstatements="0" conditionals="0" coveredconditionals="0" methods="0" coveredmethods="0"/>
      </file>
    </package>
  </project>
</coverage>
