{"/Users/fullylt/app/mealshare/src/components/atoms/AltButton/AltButton.component.tsx": {"path":"/Users/fullylt/app/mealshare/src/components/atoms/AltButton/AltButton.component.tsx","statementMap":{"0":{"start":{"line":10,"column":35},"end":{"line":16,"column":1}},"1":{"start":{"line":11,"column":2},"end":{"line":15,"column":4}}},"fnMap":{"0":{"name":"(anonymous_0)","decl":{"start":{"line":10,"column":35},"end":{"line":10,"column":36}},"loc":{"start":{"line":10,"column":56},"end":{"line":16,"column":1}},"line":10}},"branchMap":{},"s":{"0":1,"1":1},"f":{"0":1},"b":{},"_coverageSchema":"1a1c01bbd47fc00a2c39e90264f33305004495a9","hash":"d34a0c614a17c0567601d1bc5c8a89ebeb4b8ec0"}
,"/Users/fullylt/app/mealshare/src/components/atoms/AltButton/assets/styles.ts": {"path":"/Users/fullylt/app/mealshare/src/components/atoms/AltButton/assets/styles.ts","statementMap":{"0":{"start":{"line":4,"column":25},"end":{"line":12,"column":1}},"1":{"start":{"line":14,"column":20},"end":{"line":17,"column":1}}},"fnMap":{},"branchMap":{},"s":{"0":1,"1":1},"f":{},"b":{},"_coverageSchema":"1a1c01bbd47fc00a2c39e90264f33305004495a9","hash":"ff7b6a121718e550583ecdd700bb8b5db622a9fb"}
,"/Users/fullylt/app/mealshare/src/redux/config/actions.ts": {"path":"/Users/fullylt/app/mealshare/src/redux/config/actions.ts","statementMap":{"0":{"start":{"line":4,"column":2},"end":{"line":7,"column":4}},"1":{"start":{"line":11,"column":2},"end":{"line":13,"column":4}}},"fnMap":{"0":{"name":"testAction","decl":{"start":{"line":3,"column":16},"end":{"line":3,"column":26}},"loc":{"start":{"line":3,"column":61},"end":{"line":8,"column":1}},"line":3},"1":{"name":"testSuccessAction","decl":{"start":{"line":10,"column":16},"end":{"line":10,"column":33}},"loc":{"start":{"line":10,"column":55},"end":{"line":14,"column":1}},"line":10}},"branchMap":{},"s":{"0":3,"1":1},"f":{"0":3,"1":1},"b":{},"_coverageSchema":"1a1c01bbd47fc00a2c39e90264f33305004495a9","hash":"e04bfcc96e981b78dc46d403eaf620452c71a5c5"}
,"/Users/fullylt/app/mealshare/src/redux/config/reducer.ts": {"path":"/Users/fullylt/app/mealshare/src/redux/config/reducer.ts","statementMap":{"0":{"start":{"line":3,"column":34},"end":{"line":5,"column":1}},"1":{"start":{"line":11,"column":2},"end":{"line":19,"column":3}},"2":{"start":{"line":13,"column":6},"end":{"line":16,"column":8}},"3":{"start":{"line":18,"column":6},"end":{"line":18,"column":19}}},"fnMap":{"0":{"name":"config","decl":{"start":{"line":7,"column":9},"end":{"line":7,"column":15}},"loc":{"start":{"line":10,"column":15},"end":{"line":20,"column":1}},"line":10}},"branchMap":{"0":{"loc":{"start":{"line":8,"column":2},"end":{"line":8,"column":35}},"type":"default-arg","locations":[{"start":{"line":8,"column":23},"end":{"line":8,"column":35}}],"line":8},"1":{"loc":{"start":{"line":11,"column":2},"end":{"line":19,"column":3}},"type":"switch","locations":[{"start":{"line":12,"column":4},"end":{"line":16,"column":8}},{"start":{"line":17,"column":4},"end":{"line":18,"column":19}}],"line":11}},"s":{"0":1,"1":3,"2":1,"3":2},"f":{"0":3},"b":{"0":[2],"1":[1,2]},"_coverageSchema":"1a1c01bbd47fc00a2c39e90264f33305004495a9","hash":"674811d677e3f35dda2ccf5fe1224fbdf30c774d"}
,"/Users/fullylt/app/mealshare/src/redux/config/sagas.ts": {"path":"/Users/fullylt/app/mealshare/src/redux/config/sagas.ts","statementMap":{"0":{"start":{"line":7,"column":2},"end":{"line":7,"column":33}},"1":{"start":{"line":11,"column":2},"end":{"line":11,"column":41}}},"fnMap":{"0":{"name":"testSaga","decl":{"start":{"line":6,"column":17},"end":{"line":6,"column":25}},"loc":{"start":{"line":6,"column":28},"end":{"line":8,"column":1}},"line":6},"1":{"name":"configSaga","decl":{"start":{"line":10,"column":25},"end":{"line":10,"column":35}},"loc":{"start":{"line":10,"column":38},"end":{"line":12,"column":1}},"line":10}},"branchMap":{},"s":{"0":1,"1":0},"f":{"0":1,"1":0},"b":{},"_coverageSchema":"1a1c01bbd47fc00a2c39e90264f33305004495a9","hash":"10ad7117dd2da0b8d458882d9924c5230950b89d"}
,"/Users/fullylt/app/mealshare/src/redux/config/types.ts": {"path":"/Users/fullylt/app/mealshare/src/redux/config/types.ts","statementMap":{"0":{"start":{"line":5,"column":27},"end":{"line":5,"column":40}},"1":{"start":{"line":6,"column":35},"end":{"line":6,"column":56}}},"fnMap":{},"branchMap":{},"s":{"0":3,"1":3},"f":{},"b":{},"_coverageSchema":"1a1c01bbd47fc00a2c39e90264f33305004495a9","hash":"1845d8b1019d414625834d8f515db13bb1243cb4"}
,"/Users/fullylt/app/mealshare/src/utils/colors.ts": {"path":"/Users/fullylt/app/mealshare/src/utils/colors.ts","statementMap":{},"fnMap":{},"branchMap":{},"s":{},"f":{},"b":{},"_coverageSchema":"1a1c01bbd47fc00a2c39e90264f33305004495a9","hash":"8a3ba47394b4221964a32b3e6afb879b884b94fc"}
}
