TN:
SF:src/components/atoms/AltButton/AltButton.component.tsx
FN:10,(anonymous_0)
FNF:1
FNH:1
FNDA:1,(anonymous_0)
DA:10,1
DA:11,1
LF:2
LH:2
BRF:0
BRH:0
end_of_record
TN:
SF:src/components/atoms/AltButton/assets/styles.ts
FNF:0
FNH:0
DA:4,1
DA:14,1
LF:2
LH:2
BRF:0
BRH:0
end_of_record
TN:
SF:src/redux/config/actions.ts
FN:3,testAction
FN:10,testSuccessAction
FNF:2
FNH:2
FNDA:3,testAction
FNDA:1,testSuccessAction
DA:4,3
DA:11,1
LF:2
LH:2
BRF:0
BRH:0
end_of_record
TN:
SF:src/redux/config/reducer.ts
FN:7,config
FNF:1
FNH:1
FNDA:3,config
DA:3,1
DA:11,3
DA:13,1
DA:18,2
LF:4
LH:4
BRDA:8,0,0,2
BRDA:11,1,0,1
BRDA:11,1,1,2
BRF:3
BRH:3
end_of_record
TN:
SF:src/redux/config/sagas.ts
FN:6,testSaga
FN:10,configSaga
FNF:2
FNH:1
FNDA:1,testSaga
FNDA:0,configSaga
DA:7,1
DA:11,0
LF:2
LH:1
BRF:0
BRH:0
end_of_record
TN:
SF:src/redux/config/types.ts
FNF:0
FNH:0
DA:5,3
DA:6,3
LF:2
LH:2
BRF:0
BRH:0
end_of_record
TN:
SF:src/utils/colors.ts
FNF:0
FNH:0
LF:0
LH:0
BRF:0
BRH:0
end_of_record
